start result analysis from detection_results.pkl

    Compute different category objects' precision & recall 
    under different IoU
    
ClassName	Precision       	Recall          	Condition
person  	  0.326396039387	  0.431578947368	@ [catIds = 1 | IoU = 0.5:0.95]
bicycle 	   0.58496438899	  0.659729052612	@ [catIds = 2 | IoU = 0.5:0.95]
car     	  0.347980286892	  0.468789808917	@ [catIds = 3 | IoU = 0.5:0.95]
motorcycle	  0.475812135004	  0.595776850886	@ [catIds = 4 | IoU = 0.5:0.95]
airplane	  0.479231006976	  0.562125340599	@ [catIds = 5 | IoU = 0.5:0.95]
bus     	  0.675243260974	  0.743356643357	@ [catIds = 6 | IoU = 0.5:0.95]
train   	  0.683062693619	   0.75371024735	@ [catIds = 7 | IoU = 0.5:0.95]
truck   	  0.659747485749	  0.742105263158	@ [catIds = 8 | IoU = 0.5:0.95]
boat    	  0.395982954428	  0.624879227053	@ [catIds = 9 | IoU = 0.5:0.95]
traffic light	  0.319715614902	  0.467216981132	@ [catIds = 10 | IoU = 0.5:0.95]
fire hydrant	  0.312331389043	  0.447634069401	@ [catIds = 11 | IoU = 0.5:0.95]
stop sign	  0.710127655798	  0.755445544554	@ [catIds = 13 | IoU = 0.5:0.95]
parking meter	  0.674584486467	           0.744	@ [catIds = 14 | IoU = 0.5:0.95]
bench   	  0.509513070808	  0.593333333333	@ [catIds = 15 | IoU = 0.5:0.95]
bird    	  0.273596083627	  0.436496350365	@ [catIds = 16 | IoU = 0.5:0.95]
cat     	  0.411074638419	  0.490632318501	@ [catIds = 17 | IoU = 0.5:0.95]
dog     	  0.702612849926	  0.786633663366	@ [catIds = 18 | IoU = 0.5:0.95]
horse   	  0.656750589027	            0.75	@ [catIds = 19 | IoU = 0.5:0.95]
sheep   	  0.617338245997	  0.692279411765	@ [catIds = 20 | IoU = 0.5:0.95]
cow     	  0.570258099313	   0.66581920904	@ [catIds = 21 | IoU = 0.5:0.95]
elephant	  0.613162362834	  0.690322580645	@ [catIds = 22 | IoU = 0.5:0.95]
bear    	   0.66114234638	  0.753174603175	@ [catIds = 23 | IoU = 0.5:0.95]
zebra   	  0.721149808315	  0.770422535211	@ [catIds = 24 | IoU = 0.5:0.95]
giraffe 	  0.694753864466	            0.75	@ [catIds = 25 | IoU = 0.5:0.95]
backpack	  0.690251808932	   0.75775862069	@ [catIds = 27 | IoU = 0.5:0.95]
umbrella	  0.209574838719	   0.42371967655	@ [catIds = 28 | IoU = 0.5:0.95]
handbag 	  0.435747900166	  0.563636363636	@ [catIds = 31 | IoU = 0.5:0.95]
tie     	  0.182287679543	   0.38537037037	@ [catIds = 32 | IoU = 0.5:0.95]
suitcase	  0.394139729966	  0.492063492063	@ [catIds = 33 | IoU = 0.5:0.95]
frisbee 	  0.442747368165	  0.588294314381	@ [catIds = 34 | IoU = 0.5:0.95]
skis    	  0.708656919277	  0.773913043478	@ [catIds = 35 | IoU = 0.5:0.95]
snowboard	  0.284399691744	  0.427385892116	@ [catIds = 36 | IoU = 0.5:0.95]
sports ball	  0.390423726834	  0.497101449275	@ [catIds = 37 | IoU = 0.5:0.95]
kite    	  0.507185414104	  0.576153846154	@ [catIds = 38 | IoU = 0.5:0.95]
baseball bat	  0.449794715578	  0.582262996942	@ [catIds = 39 | IoU = 0.5:0.95]
baseball glove	   0.31992040357	   0.43724137931	@ [catIds = 40 | IoU = 0.5:0.95]
skateboard	  0.399153939041	  0.487162162162	@ [catIds = 41 | IoU = 0.5:0.95]
surfboard	  0.582743219179	  0.639106145251	@ [catIds = 42 | IoU = 0.5:0.95]
tennis racket	  0.419291273389	  0.522097378277	@ [catIds = 43 | IoU = 0.5:0.95]
bottle  	  0.530774235022	           0.608	@ [catIds = 44 | IoU = 0.5:0.95]
wine glass	  0.446772216323	  0.595853899309	@ [catIds = 46 | IoU = 0.5:0.95]
cup     	  0.406302696233	  0.524926686217	@ [catIds = 47 | IoU = 0.5:0.95]
fork    	  0.464750543978	  0.615977653631	@ [catIds = 48 | IoU = 0.5:0.95]
knife   	  0.451894472533	  0.579069767442	@ [catIds = 49 | IoU = 0.5:0.95]
spoon   	  0.243756711384	  0.424615384615	@ [catIds = 50 | IoU = 0.5:0.95]
bowl    	  0.224169178029	  0.441106719368	@ [catIds = 51 | IoU = 0.5:0.95]
banana  	  0.439939343369	   0.63772070626	@ [catIds = 52 | IoU = 0.5:0.95]
apple   	  0.263195202809	  0.484054054054	@ [catIds = 53 | IoU = 0.5:0.95]
sandwich	  0.240044095426	  0.493644067797	@ [catIds = 54 | IoU = 0.5:0.95]
orange  	  0.381330316784	  0.592655367232	@ [catIds = 55 | IoU = 0.5:0.95]
broccoli	  0.338665075174	  0.585614035088	@ [catIds = 56 | IoU = 0.5:0.95]
carrot  	  0.247236969701	  0.491987179487	@ [catIds = 57 | IoU = 0.5:0.95]
hot dog 	  0.245699573741	  0.480547945205	@ [catIds = 58 | IoU = 0.5:0.95]
pizza   	  0.403813575706	          0.5176	@ [catIds = 59 | IoU = 0.5:0.95]
donut   	  0.538538634441	  0.655985915493	@ [catIds = 60 | IoU = 0.5:0.95]
cake    	  0.505459782834	  0.661585365854	@ [catIds = 61 | IoU = 0.5:0.95]
chair   	  0.414016566492	  0.601290322581	@ [catIds = 62 | IoU = 0.5:0.95]
couch   	  0.321701926767	  0.493450028233	@ [catIds = 63 | IoU = 0.5:0.95]
potted plant	  0.435150500205	   0.65785440613	@ [catIds = 64 | IoU = 0.5:0.95]
bed     	  0.326375860945	  0.518713450292	@ [catIds = 65 | IoU = 0.5:0.95]
dining table	  0.425207286153	  0.615337423313	@ [catIds = 67 | IoU = 0.5:0.95]
toilet  	  0.298558482346	  0.527625899281	@ [catIds = 70 | IoU = 0.5:0.95]
tv      	  0.626254338772	  0.717877094972	@ [catIds = 72 | IoU = 0.5:0.95]
laptop  	  0.613735151315	  0.716666666667	@ [catIds = 73 | IoU = 0.5:0.95]
mouse   	   0.63344674533	  0.706060606061	@ [catIds = 74 | IoU = 0.5:0.95]
remote  	  0.648486243736	  0.727358490566	@ [catIds = 75 | IoU = 0.5:0.95]
keyboard	   0.40845864925	  0.566077738516	@ [catIds = 76 | IoU = 0.5:0.95]
cell phone	  0.542888005947	  0.664705882353	@ [catIds = 77 | IoU = 0.5:0.95]
microwave	  0.406804940495	  0.558396946565	@ [catIds = 78 | IoU = 0.5:0.95]
oven    	  0.603772232295	  0.727272727273	@ [catIds = 79 | IoU = 0.5:0.95]
toaster 	  0.360526023585	  0.518181818182	@ [catIds = 80 | IoU = 0.5:0.95]
sink    	  0.513521923621	  0.611111111111	@ [catIds = 81 | IoU = 0.5:0.95]
refrigerator	  0.417391381488	           0.584	@ [catIds = 82 | IoU = 0.5:0.95]
book    	  0.590983594337	  0.685714285714	@ [catIds = 84 | IoU = 0.5:0.95]
clock   	  0.184382084618	  0.411691762622	@ [catIds = 85 | IoU = 0.5:0.95]
vase    	  0.536913793379	  0.638202247191	@ [catIds = 86 | IoU = 0.5:0.95]
scissors	  0.404153589536	  0.590510948905	@ [catIds = 87 | IoU = 0.5:0.95]
teddy bear	  0.354866672172	            0.45	@ [catIds = 88 | IoU = 0.5:0.95]
hair drier	  0.514634744097	  0.621052631579	@ [catIds = 89 | IoU = 0.5:0.95]
toothbrush	 0.0931514349592	             0.2	@ [catIds = 90 | IoU = 0.5:0.95]
person  	  0.305988822004	  0.405458089669	@ [catIds = 1 | IoU = 0.55:0.95]
bicycle 	  0.554697759312	  0.630189807512	@ [catIds = 2 | IoU = 0.55:0.95]
car     	  0.315023628171	  0.430290162774	@ [catIds = 3 | IoU = 0.55:0.95]
motorcycle	  0.447298927978	   0.56453481636	@ [catIds = 4 | IoU = 0.55:0.95]
airplane	  0.445068700003	  0.527096578868	@ [catIds = 5 | IoU = 0.55:0.95]
bus     	   0.65199831635	   0.72027972028	@ [catIds = 6 | IoU = 0.55:0.95]
train   	  0.664507994648	  0.735374950923	@ [catIds = 7 | IoU = 0.55:0.95]
truck   	  0.634225326873	  0.719298245614	@ [catIds = 8 | IoU = 0.55:0.95]
boat    	  0.373046071055	   0.59796027912	@ [catIds = 9 | IoU = 0.55:0.95]
traffic light	  0.290581886813	  0.431603773585	@ [catIds = 10 | IoU = 0.55:0.95]
fire hydrant	  0.280028363749	  0.410970907816	@ [catIds = 11 | IoU = 0.55:0.95]
stop sign	  0.689499635715	   0.73597359736	@ [catIds = 13 | IoU = 0.55:0.95]
parking meter	  0.664470834598	  0.733333333333	@ [catIds = 14 | IoU = 0.55:0.95]
bench   	  0.489879574818	  0.572222222222	@ [catIds = 15 | IoU = 0.55:0.95]
bird    	  0.256744272354	  0.410110840768	@ [catIds = 16 | IoU = 0.55:0.95]
cat     	  0.386517929875	  0.464741087692	@ [catIds = 17 | IoU = 0.55:0.95]
dog     	  0.678272595494	  0.766776677668	@ [catIds = 18 | IoU = 0.55:0.95]
horse   	  0.635485620338	  0.730377166157	@ [catIds = 19 | IoU = 0.55:0.95]
sheep   	  0.591391593357	  0.667892156863	@ [catIds = 20 | IoU = 0.55:0.95]
cow     	  0.543441235406	   0.63747645951	@ [catIds = 21 | IoU = 0.55:0.95]
elephant	  0.588081435191	  0.665471923536	@ [catIds = 22 | IoU = 0.55:0.95]
bear    	   0.63481529769	  0.728835978836	@ [catIds = 23 | IoU = 0.55:0.95]
zebra   	  0.702665564555	  0.754303599374	@ [catIds = 24 | IoU = 0.55:0.95]
giraffe 	   0.67105714108	  0.728487886383	@ [catIds = 25 | IoU = 0.55:0.95]
backpack	  0.667258104924	  0.737068965517	@ [catIds = 27 | IoU = 0.55:0.95]
umbrella	  0.186310434312	  0.391734052111	@ [catIds = 28 | IoU = 0.55:0.95]
handbag 	  0.407005590306	  0.534534534535	@ [catIds = 31 | IoU = 0.55:0.95]
tie     	  0.163048730872	  0.355555555556	@ [catIds = 32 | IoU = 0.55:0.95]
suitcase	  0.367248258434	   0.46164021164	@ [catIds = 33 | IoU = 0.55:0.95]
frisbee 	  0.415393845615	  0.558900037161	@ [catIds = 34 | IoU = 0.55:0.95]
skis    	  0.688502168375	  0.757487922705	@ [catIds = 35 | IoU = 0.55:0.95]
snowboard	  0.253196063877	  0.389580451821	@ [catIds = 36 | IoU = 0.55:0.95]
sports ball	  0.365773354028	  0.463768115942	@ [catIds = 37 | IoU = 0.55:0.95]
kite    	  0.483456891458	  0.551282051282	@ [catIds = 38 | IoU = 0.55:0.95]
baseball bat	  0.424726261682	  0.554875976894	@ [catIds = 39 | IoU = 0.55:0.95]
baseball glove	  0.287944137625	  0.406896551724	@ [catIds = 40 | IoU = 0.55:0.95]
skateboard	  0.369313538773	  0.457957957958	@ [catIds = 41 | IoU = 0.55:0.95]
surfboard	  0.554997528178	  0.612042209808	@ [catIds = 42 | IoU = 0.55:0.95]
tennis racket	  0.389647465093	  0.492717436538	@ [catIds = 43 | IoU = 0.55:0.95]
bottle  	  0.497858583493	  0.578765432099	@ [catIds = 44 | IoU = 0.55:0.95]
wine glass	  0.424407996058	  0.569375891192	@ [catIds = 46 | IoU = 0.55:0.95]
cup     	  0.379715964627	  0.495927012056	@ [catIds = 47 | IoU = 0.55:0.95]
fork    	  0.444140917019	  0.591558038485	@ [catIds = 48 | IoU = 0.55:0.95]
knife   	  0.426159256389	  0.548837209302	@ [catIds = 49 | IoU = 0.55:0.95]
spoon   	  0.222562736625	  0.393846153846	@ [catIds = 50 | IoU = 0.55:0.95]
bowl    	  0.205640372996	  0.410188844971	@ [catIds = 51 | IoU = 0.55:0.95]
banana  	  0.419285685956	  0.613697164259	@ [catIds = 52 | IoU = 0.55:0.95]
apple   	   0.23868478429	  0.448948948949	@ [catIds = 53 | IoU = 0.55:0.95]
sandwich	  0.226951388648	  0.469397363465	@ [catIds = 54 | IoU = 0.55:0.95]
orange  	  0.361305259582	  0.568110483365	@ [catIds = 55 | IoU = 0.55:0.95]
broccoli	  0.325946515538	  0.563742690058	@ [catIds = 56 | IoU = 0.55:0.95]
carrot  	  0.223322045145	  0.455484330484	@ [catIds = 57 | IoU = 0.55:0.95]
hot dog 	  0.226969006099	  0.448706240487	@ [catIds = 58 | IoU = 0.55:0.95]
pizza   	   0.38407394057	  0.497777777778	@ [catIds = 59 | IoU = 0.55:0.95]
donut   	  0.515950395022	  0.633802816901	@ [catIds = 60 | IoU = 0.55:0.95]
cake    	  0.486997242824	  0.638888888889	@ [catIds = 61 | IoU = 0.55:0.95]
chair   	  0.388542465399	  0.573835125448	@ [catIds = 62 | IoU = 0.55:0.95]
couch   	  0.298057631477	  0.462827028044	@ [catIds = 63 | IoU = 0.55:0.95]
potted plant	  0.409521663905	  0.630481055768	@ [catIds = 64 | IoU = 0.55:0.95]
bed     	  0.299904727022	  0.486029889539	@ [catIds = 65 | IoU = 0.55:0.95]
dining table	  0.397597626511	  0.585548738923	@ [catIds = 67 | IoU = 0.55:0.95]
toilet  	  0.278314174595	  0.497042366107	@ [catIds = 70 | IoU = 0.55:0.95]
tv      	  0.603836251436	  0.698324022346	@ [catIds = 72 | IoU = 0.55:0.95]
laptop  	   0.59082112781	  0.695987654321	@ [catIds = 73 | IoU = 0.55:0.95]
mouse   	  0.613497990204	  0.687830687831	@ [catIds = 74 | IoU = 0.55:0.95]
remote  	  0.627475248929	  0.706498951782	@ [catIds = 75 | IoU = 0.55:0.95]
keyboard	  0.382474627553	  0.536317235964	@ [catIds = 76 | IoU = 0.55:0.95]
cell phone	  0.517521154533	   0.63834422658	@ [catIds = 77 | IoU = 0.55:0.95]
microwave	  0.382285025524	  0.530110262935	@ [catIds = 78 | IoU = 0.55:0.95]
oven    	  0.580847592309	  0.705050505051	@ [catIds = 79 | IoU = 0.55:0.95]
toaster 	   0.33457794916	  0.488733488733	@ [catIds = 80 | IoU = 0.55:0.95]
sink    	  0.497061134685	  0.592592592593	@ [catIds = 81 | IoU = 0.55:0.95]
refrigerator	  0.390483533258	  0.554074074074	@ [catIds = 82 | IoU = 0.55:0.95]
book    	  0.570491439043	  0.664021164021	@ [catIds = 84 | IoU = 0.55:0.95]
clock   	  0.163836386621	  0.374077354591	@ [catIds = 85 | IoU = 0.55:0.95]
vase    	  0.509233075334	  0.613399916771	@ [catIds = 86 | IoU = 0.55:0.95]
scissors	  0.382719963229	  0.564882400649	@ [catIds = 87 | IoU = 0.55:0.95]
teddy bear	   0.33697509796	  0.429012345679	@ [catIds = 88 | IoU = 0.55:0.95]
hair drier	  0.489976443533	  0.594152046784	@ [catIds = 89 | IoU = 0.55:0.95]
toothbrush	 0.0745112972836	  0.171717171717	@ [catIds = 90 | IoU = 0.55:0.95]
person  	  0.282121003538	  0.377192982456	@ [catIds = 1 | IoU = 0.6:0.95]
bicycle 	  0.519617341461	  0.595481117194	@ [catIds = 2 | IoU = 0.6:0.95]
car     	  0.280549976438	  0.388136942675	@ [catIds = 3 | IoU = 0.6:0.95]
motorcycle	  0.414767802094	  0.528284671533	@ [catIds = 4 | IoU = 0.6:0.95]
airplane	  0.406826297282	  0.487057220708	@ [catIds = 5 | IoU = 0.6:0.95]
bus     	  0.624259424798	  0.693181818182	@ [catIds = 6 | IoU = 0.6:0.95]
train   	  0.641681053498	  0.713339222615	@ [catIds = 7 | IoU = 0.6:0.95]
truck   	   0.60404440169	  0.692105263158	@ [catIds = 8 | IoU = 0.6:0.95]
boat    	  0.346148419662	  0.565519323671	@ [catIds = 9 | IoU = 0.6:0.95]
traffic light	  0.258013583098	  0.391214622642	@ [catIds = 10 | IoU = 0.6:0.95]
fire hydrant	  0.245733566234	  0.370268138801	@ [catIds = 11 | IoU = 0.6:0.95]
stop sign	  0.663714610611	  0.711633663366	@ [catIds = 13 | IoU = 0.6:0.95]
parking meter	  0.651828769761	            0.72	@ [catIds = 14 | IoU = 0.6:0.95]
bench   	  0.466142860101	  0.547916666667	@ [catIds = 15 | IoU = 0.6:0.95]
bird    	  0.238682680393	  0.381386861314	@ [catIds = 16 | IoU = 0.6:0.95]
cat     	   0.35919683922	  0.435597189696	@ [catIds = 17 | IoU = 0.6:0.95]
dog     	   0.64837136357	  0.742574257426	@ [catIds = 18 | IoU = 0.6:0.95]
horse   	  0.609951615116	  0.706995412844	@ [catIds = 19 | IoU = 0.6:0.95]
sheep   	  0.561933027679	  0.639246323529	@ [catIds = 20 | IoU = 0.6:0.95]
cow     	  0.511026677136	  0.603107344633	@ [catIds = 21 | IoU = 0.6:0.95]
elephant	  0.559432009047	  0.636760752688	@ [catIds = 22 | IoU = 0.6:0.95]
bear    	  0.604034871131	  0.699404761905	@ [catIds = 23 | IoU = 0.6:0.95]
zebra   	  0.679560259854	  0.734154929577	@ [catIds = 24 | IoU = 0.6:0.95]
giraffe 	   0.64354962364	  0.703477443609	@ [catIds = 25 | IoU = 0.6:0.95]
backpack	  0.639381143745	  0.711745689655	@ [catIds = 27 | IoU = 0.6:0.95]
umbrella	  0.161476028173	  0.356132075472	@ [catIds = 28 | IoU = 0.6:0.95]
handbag 	    0.3737559398	             0.5	@ [catIds = 31 | IoU = 0.6:0.95]
tie     	  0.143616977981	  0.322453703704	@ [catIds = 32 | IoU = 0.6:0.95]
suitcase	  0.336350932233	  0.426587301587	@ [catIds = 33 | IoU = 0.6:0.95]
frisbee 	  0.382800514601	  0.523411371237	@ [catIds = 34 | IoU = 0.6:0.95]
skis    	  0.663308729748	  0.736956521739	@ [catIds = 35 | IoU = 0.6:0.95]
snowboard	  0.222390354625	  0.348029045643	@ [catIds = 36 | IoU = 0.6:0.95]
sports ball	  0.338113894586	  0.425724637681	@ [catIds = 37 | IoU = 0.6:0.95]
kite    	  0.457902423771	  0.524519230769	@ [catIds = 38 | IoU = 0.6:0.95]
baseball bat	  0.396431983968	  0.523318042813	@ [catIds = 39 | IoU = 0.6:0.95]
baseball glove	  0.250493923204	  0.371551724138	@ [catIds = 40 | IoU = 0.6:0.95]
skateboard	  0.333910476183	  0.424831081081	@ [catIds = 41 | IoU = 0.6:0.95]
surfboard	  0.522644127953	   0.58030726257	@ [catIds = 42 | IoU = 0.6:0.95]
tennis racket	  0.355272242118	  0.457865168539	@ [catIds = 43 | IoU = 0.6:0.95]
bottle  	  0.458051611885	  0.543333333333	@ [catIds = 44 | IoU = 0.6:0.95]
wine glass	  0.397810400386	  0.537882527147	@ [catIds = 46 | IoU = 0.6:0.95]
cup     	  0.349194858771	  0.461876832845	@ [catIds = 47 | IoU = 0.6:0.95]
fork    	  0.419977126262	  0.562569832402	@ [catIds = 48 | IoU = 0.6:0.95]
knife   	  0.396058290186	  0.512790697674	@ [catIds = 49 | IoU = 0.6:0.95]
spoon   	  0.199017299449	  0.359615384615	@ [catIds = 50 | IoU = 0.6:0.95]
bowl    	  0.184931707796	  0.374011857708	@ [catIds = 51 | IoU = 0.6:0.95]
banana  	  0.395002101884	  0.584871589085	@ [catIds = 52 | IoU = 0.6:0.95]
apple   	  0.212346371311	  0.409797297297	@ [catIds = 53 | IoU = 0.6:0.95]
sandwich	    0.2130055694	  0.440677966102	@ [catIds = 54 | IoU = 0.6:0.95]
orange  	    0.3391475815	  0.540254237288	@ [catIds = 55 | IoU = 0.6:0.95]
broccoli	  0.310819415366	  0.538157894737	@ [catIds = 56 | IoU = 0.6:0.95]
carrot  	  0.196827347824	  0.411858974359	@ [catIds = 57 | IoU = 0.6:0.95]
hot dog 	   0.20573058107	   0.41198630137	@ [catIds = 58 | IoU = 0.6:0.95]
pizza   	  0.359400048259	           0.473	@ [catIds = 59 | IoU = 0.6:0.95]
donut   	  0.489680346095	  0.606514084507	@ [catIds = 60 | IoU = 0.6:0.95]
cake    	  0.464869155865	  0.612042682927	@ [catIds = 61 | IoU = 0.6:0.95]
chair   	  0.359530568282	  0.541532258065	@ [catIds = 62 | IoU = 0.6:0.95]
couch   	  0.271206682362	  0.427583286279	@ [catIds = 63 | IoU = 0.6:0.95]
potted plant	  0.381719148866	  0.598180076628	@ [catIds = 64 | IoU = 0.6:0.95]
bed     	  0.268544203745	  0.447368421053	@ [catIds = 65 | IoU = 0.6:0.95]
dining table	  0.365466153926	  0.549079754601	@ [catIds = 67 | IoU = 0.6:0.95]
toilet  	  0.255782809198	  0.462769784173	@ [catIds = 70 | IoU = 0.6:0.95]
tv      	   0.57960640256	  0.675977653631	@ [catIds = 72 | IoU = 0.6:0.95]
laptop  	  0.563989534973	  0.671006944444	@ [catIds = 73 | IoU = 0.6:0.95]
mouse   	   0.59000608959	  0.665584415584	@ [catIds = 74 | IoU = 0.6:0.95]
remote  	  0.601211505419	  0.680424528302	@ [catIds = 75 | IoU = 0.6:0.95]
keyboard	  0.352293790848	  0.500441696113	@ [catIds = 76 | IoU = 0.6:0.95]
cell phone	  0.487614210666	  0.607026143791	@ [catIds = 77 | IoU = 0.6:0.95]
microwave	  0.355032870168	  0.498091603053	@ [catIds = 78 | IoU = 0.6:0.95]
oven    	  0.555543026739	  0.679545454545	@ [catIds = 79 | IoU = 0.6:0.95]
toaster 	  0.307695863865	  0.453671328671	@ [catIds = 80 | IoU = 0.6:0.95]
sink    	  0.476485148515	  0.569444444444	@ [catIds = 81 | IoU = 0.6:0.95]
refrigerator	   0.35897985582	  0.517222222222	@ [catIds = 82 | IoU = 0.6:0.95]
book    	  0.547126940808	  0.641865079365	@ [catIds = 84 | IoU = 0.6:0.95]
clock   	  0.142202011704	  0.331930912312	@ [catIds = 85 | IoU = 0.6:0.95]
vase    	   0.47550586498	  0.582865168539	@ [catIds = 86 | IoU = 0.6:0.95]
scissors	  0.358456392083	  0.534671532847	@ [catIds = 87 | IoU = 0.6:0.95]
teddy bear	  0.314610630195	  0.402777777778	@ [catIds = 88 | IoU = 0.6:0.95]
hair drier	   0.46007447936	  0.561184210526	@ [catIds = 89 | IoU = 0.6:0.95]
toothbrush	 0.0570212883571	  0.147727272727	@ [catIds = 90 | IoU = 0.6:0.95]
person  	  0.253419811161	   0.34335839599	@ [catIds = 1 | IoU = 0.65:0.95]
bicycle 	  0.478360020324	   0.55462028924	@ [catIds = 2 | IoU = 0.65:0.95]
car     	  0.244750452925	  0.343949044586	@ [catIds = 3 | IoU = 0.65:0.95]
motorcycle	  0.377356561156	  0.486444212722	@ [catIds = 4 | IoU = 0.65:0.95]
airplane	  0.364090944976	  0.441806150253	@ [catIds = 5 | IoU = 0.65:0.95]
bus     	  0.590327384692	  0.658341658342	@ [catIds = 6 | IoU = 0.65:0.95]
train   	  0.614739326225	  0.687026754165	@ [catIds = 7 | IoU = 0.65:0.95]
truck   	  0.565851312615	  0.657894736842	@ [catIds = 8 | IoU = 0.65:0.95]
boat    	  0.314912619593	  0.527605244997	@ [catIds = 9 | IoU = 0.65:0.95]
traffic light	  0.223513341342	  0.346698113208	@ [catIds = 10 | IoU = 0.65:0.95]
fire hydrant	  0.208638276769	  0.324695808923	@ [catIds = 11 | IoU = 0.65:0.95]
stop sign	  0.630562435478	  0.680339462518	@ [catIds = 13 | IoU = 0.65:0.95]
parking meter	    0.6355746864	  0.702857142857	@ [catIds = 14 | IoU = 0.65:0.95]
bench   	  0.440973864441	   0.52380952381	@ [catIds = 15 | IoU = 0.65:0.95]
bird    	   0.21690791419	  0.346541536323	@ [catIds = 16 | IoU = 0.65:0.95]
cat     	  0.328256775797	  0.402141184343	@ [catIds = 17 | IoU = 0.65:0.95]
dog     	  0.609926922525	  0.711456859972	@ [catIds = 18 | IoU = 0.65:0.95]
horse   	  0.579623781618	  0.678243774574	@ [catIds = 19 | IoU = 0.65:0.95]
sheep   	  0.527375349612	  0.605567226891	@ [catIds = 20 | IoU = 0.65:0.95]
cow     	  0.472289634536	  0.562550443906	@ [catIds = 21 | IoU = 0.65:0.95]
elephant	  0.524441676586	  0.602150537634	@ [catIds = 22 | IoU = 0.65:0.95]
bear    	  0.566625126813	  0.663265306122	@ [catIds = 23 | IoU = 0.65:0.95]
zebra   	  0.649853439524	  0.708249496982	@ [catIds = 24 | IoU = 0.65:0.95]
giraffe 	  0.610393098441	  0.673469387755	@ [catIds = 25 | IoU = 0.65:0.95]
backpack	  0.606121794257	  0.681650246305	@ [catIds = 27 | IoU = 0.65:0.95]
umbrella	  0.134457611837	  0.314978821717	@ [catIds = 28 | IoU = 0.65:0.95]
handbag 	  0.336159263183	  0.459459459459	@ [catIds = 31 | IoU = 0.65:0.95]
tie     	  0.122181248421	  0.284391534392	@ [catIds = 32 | IoU = 0.65:0.95]
suitcase	  0.299298750115	  0.384920634921	@ [catIds = 33 | IoU = 0.65:0.95]
frisbee 	  0.345668208101	  0.481605351171	@ [catIds = 34 | IoU = 0.65:0.95]
skis    	  0.630917165799	  0.710559006211	@ [catIds = 35 | IoU = 0.65:0.95]
snowboard	  0.191902342184	  0.304090100771	@ [catIds = 36 | IoU = 0.65:0.95]
sports ball	  0.307557378934	  0.385093167702	@ [catIds = 37 | IoU = 0.65:0.95]
kite    	  0.427477877413	  0.493406593407	@ [catIds = 38 | IoU = 0.65:0.95]
baseball bat	  0.365230143846	  0.488859764089	@ [catIds = 39 | IoU = 0.65:0.95]
baseball glove	  0.208340188543	  0.329064039409	@ [catIds = 40 | IoU = 0.65:0.95]
skateboard	  0.296013700916	  0.387065637066	@ [catIds = 41 | IoU = 0.65:0.95]
surfboard	  0.482625041172	  0.541101356744	@ [catIds = 42 | IoU = 0.65:0.95]
tennis racket	  0.318098740318	  0.417335473515	@ [catIds = 43 | IoU = 0.65:0.95]
bottle  	   0.40961242151	  0.499682539683	@ [catIds = 44 | IoU = 0.65:0.95]
wine glass	  0.366813850577	  0.500775631082	@ [catIds = 46 | IoU = 0.65:0.95]
cup     	  0.315108269297	  0.424382069543	@ [catIds = 47 | IoU = 0.65:0.95]
fork    	  0.391102613109	  0.527853152434	@ [catIds = 48 | IoU = 0.65:0.95]
knife   	  0.359784107021	   0.46976744186	@ [catIds = 49 | IoU = 0.65:0.95]
spoon   	  0.174040369844	  0.321758241758	@ [catIds = 50 | IoU = 0.65:0.95]
bowl    	  0.161934648963	  0.332580463015	@ [catIds = 51 | IoU = 0.65:0.95]
banana  	  0.365910179685	  0.551020408163	@ [catIds = 52 | IoU = 0.65:0.95]
apple   	  0.184449201592	  0.366023166023	@ [catIds = 53 | IoU = 0.65:0.95]
sandwich	  0.195912549985	  0.405569007264	@ [catIds = 54 | IoU = 0.65:0.95]
orange  	  0.314708033311	  0.509281678773	@ [catIds = 55 | IoU = 0.65:0.95]
broccoli	   0.29228823017	  0.507268170426	@ [catIds = 56 | IoU = 0.65:0.95]
carrot  	  0.168766498465	  0.362637362637	@ [catIds = 57 | IoU = 0.65:0.95]
hot dog 	  0.181688085383	  0.369080234834	@ [catIds = 58 | IoU = 0.65:0.95]
pizza   	  0.329006327938	  0.443428571429	@ [catIds = 59 | IoU = 0.65:0.95]
donut   	  0.459096475527	  0.573943661972	@ [catIds = 60 | IoU = 0.65:0.95]
cake    	  0.438624096684	  0.579703832753	@ [catIds = 61 | IoU = 0.65:0.95]
chair   	   0.32501721224	  0.501843317972	@ [catIds = 62 | IoU = 0.65:0.95]
couch   	  0.242222904437	  0.387997096072	@ [catIds = 63 | IoU = 0.65:0.95]
potted plant	  0.352374261355	  0.561029009305	@ [catIds = 64 | IoU = 0.65:0.95]
bed     	  0.235871723618	  0.403926482874	@ [catIds = 65 | IoU = 0.65:0.95]
dining table	  0.331086479487	   0.50657318142	@ [catIds = 67 | IoU = 0.65:0.95]
toilet  	  0.232956951613	  0.426721479959	@ [catIds = 70 | IoU = 0.65:0.95]
tv      	  0.551429233981	  0.649640861931	@ [catIds = 72 | IoU = 0.65:0.95]
laptop  	  0.529491772755	  0.638888888889	@ [catIds = 73 | IoU = 0.65:0.95]
mouse   	   0.56203820661	  0.638837353123	@ [catIds = 74 | IoU = 0.65:0.95]
remote  	  0.567443835193	  0.646900269542	@ [catIds = 75 | IoU = 0.65:0.95]
keyboard	  0.317496439028	  0.458354366482	@ [catIds = 76 | IoU = 0.65:0.95]
cell phone	  0.451033574872	  0.567693744164	@ [catIds = 77 | IoU = 0.65:0.95]
microwave	  0.324708895598	  0.460741548528	@ [catIds = 78 | IoU = 0.65:0.95]
oven    	  0.523008585293	  0.646753246753	@ [catIds = 79 | IoU = 0.65:0.95]
toaster 	  0.275630397728	  0.414585414585	@ [catIds = 80 | IoU = 0.65:0.95]
sink    	  0.450030309153	  0.539682539683	@ [catIds = 81 | IoU = 0.65:0.95]
refrigerator	  0.322910046504	  0.474285714286	@ [catIds = 82 | IoU = 0.65:0.95]
book    	  0.517086871649	  0.613378684807	@ [catIds = 84 | IoU = 0.65:0.95]
clock   	  0.119775008079	  0.286726559534	@ [catIds = 85 | IoU = 0.65:0.95]
vase    	   0.43818213208	  0.548956661316	@ [catIds = 86 | IoU = 0.65:0.95]
scissors	  0.329035118832	  0.497914494265	@ [catIds = 87 | IoU = 0.65:0.95]
teddy bear	   0.28769889228	  0.369047619048	@ [catIds = 88 | IoU = 0.65:0.95]
hair drier	  0.425773463351	  0.523308270677	@ [catIds = 89 | IoU = 0.65:0.95]
toothbrush	 0.0484485173083	   0.12987012987	@ [catIds = 90 | IoU = 0.65:0.95]
person  	  0.216378092147	  0.298245614035	@ [catIds = 1 | IoU = 0.7:0.95]
bicycle 	   0.43011082518	  0.506572639263	@ [catIds = 2 | IoU = 0.7:0.95]
car     	  0.207067035801	  0.296709129512	@ [catIds = 3 | IoU = 0.7:0.95]
motorcycle	   0.33458263182	  0.438390684741	@ [catIds = 4 | IoU = 0.7:0.95]
airplane	  0.317187631951	  0.392824704814	@ [catIds = 5 | IoU = 0.7:0.95]
bus     	  0.552118009701	  0.620046620047	@ [catIds = 6 | IoU = 0.7:0.95]
train   	  0.583354693003	  0.656654888104	@ [catIds = 7 | IoU = 0.7:0.95]
truck   	  0.518117520836	  0.615789473684	@ [catIds = 8 | IoU = 0.7:0.95]
boat    	  0.280967500148	  0.483494363929	@ [catIds = 9 | IoU = 0.7:0.95]
traffic light	  0.188342373822	  0.299135220126	@ [catIds = 10 | IoU = 0.7:0.95]
fire hydrant	  0.167334132175	  0.272082018927	@ [catIds = 11 | IoU = 0.7:0.95]
stop sign	  0.587805677713	  0.640264026403	@ [catIds = 13 | IoU = 0.7:0.95]
parking meter	  0.616339735802	  0.682222222222	@ [catIds = 14 | IoU = 0.7:0.95]
bench   	  0.407415203563	  0.491666666667	@ [catIds = 15 | IoU = 0.7:0.95]
bird    	  0.192210374811	  0.308596918086	@ [catIds = 16 | IoU = 0.7:0.95]
cat     	  0.294185624672	  0.366120218579	@ [catIds = 17 | IoU = 0.7:0.95]
dog     	  0.563734161949	  0.673267326733	@ [catIds = 18 | IoU = 0.7:0.95]
horse   	  0.545087339212	   0.64373088685	@ [catIds = 19 | IoU = 0.7:0.95]
sheep   	  0.485937714125	  0.564950980392	@ [catIds = 20 | IoU = 0.7:0.95]
cow     	  0.424868353271	  0.514124293785	@ [catIds = 21 | IoU = 0.7:0.95]
elephant	  0.482354582302	  0.560035842294	@ [catIds = 22 | IoU = 0.7:0.95]
bear    	  0.522770247019	   0.62037037037	@ [catIds = 23 | IoU = 0.7:0.95]
zebra   	  0.610244345751	  0.673708920188	@ [catIds = 24 | IoU = 0.7:0.95]
giraffe 	  0.570424457313	  0.637218045113	@ [catIds = 25 | IoU = 0.7:0.95]
backpack	   0.56740033968	  0.647270114943	@ [catIds = 27 | IoU = 0.7:0.95]
umbrella	   0.10644773452	  0.269541778976	@ [catIds = 28 | IoU = 0.7:0.95]
handbag 	  0.291584505492	  0.411957411957	@ [catIds = 31 | IoU = 0.7:0.95]
tie     	 0.0994940928816	  0.242592592593	@ [catIds = 32 | IoU = 0.7:0.95]
suitcase	  0.256244797048	   0.33664021164	@ [catIds = 33 | IoU = 0.7:0.95]
frisbee 	  0.305905759917	  0.435340022297	@ [catIds = 34 | IoU = 0.7:0.95]
skis    	  0.589868576346	  0.676811594203	@ [catIds = 35 | IoU = 0.7:0.95]
snowboard	  0.158276724482	  0.255186721992	@ [catIds = 36 | IoU = 0.7:0.95]
sports ball	  0.268448619491	  0.335748792271	@ [catIds = 37 | IoU = 0.7:0.95]
kite    	  0.388364595314	  0.453205128205	@ [catIds = 38 | IoU = 0.7:0.95]
baseball bat	  0.326308521732	  0.446992864424	@ [catIds = 39 | IoU = 0.7:0.95]
baseball glove	  0.162912945342	  0.279310344828	@ [catIds = 40 | IoU = 0.7:0.95]
skateboard	   0.24707114028	  0.337837837838	@ [catIds = 41 | IoU = 0.7:0.95]
surfboard	  0.434822818744	  0.494413407821	@ [catIds = 42 | IoU = 0.7:0.95]
tennis racket	  0.278315864607	  0.373907615481	@ [catIds = 43 | IoU = 0.7:0.95]
bottle  	   0.35337372065	  0.446666666667	@ [catIds = 44 | IoU = 0.7:0.95]
wine glass	   0.32880507086	  0.455906548207	@ [catIds = 46 | IoU = 0.7:0.95]
cup     	  0.276923270651	  0.380742913001	@ [catIds = 47 | IoU = 0.7:0.95]
fork    	  0.356503192776	  0.486405959032	@ [catIds = 48 | IoU = 0.7:0.95]
knife   	  0.316718327332	  0.418604651163	@ [catIds = 49 | IoU = 0.7:0.95]
spoon   	  0.144672682019	  0.277435897436	@ [catIds = 50 | IoU = 0.7:0.95]
bowl    	  0.134958481741	  0.283267457181	@ [catIds = 51 | IoU = 0.7:0.95]
banana  	   0.33067737694	  0.510165864098	@ [catIds = 52 | IoU = 0.7:0.95]
apple   	  0.153777988309	  0.319369369369	@ [catIds = 53 | IoU = 0.7:0.95]
sandwich	  0.174659464367	  0.362288135593	@ [catIds = 54 | IoU = 0.7:0.95]
orange  	  0.286415067716	  0.473634651601	@ [catIds = 55 | IoU = 0.7:0.95]
broccoli	  0.269754537981	   0.47134502924	@ [catIds = 56 | IoU = 0.7:0.95]
carrot  	  0.136645993661	  0.308226495726	@ [catIds = 57 | IoU = 0.7:0.95]
hot dog 	   0.15442433536	  0.319178082192	@ [catIds = 58 | IoU = 0.7:0.95]
pizza   	  0.295227150216	  0.409333333333	@ [catIds = 59 | IoU = 0.7:0.95]
donut   	  0.422240954653	  0.535211267606	@ [catIds = 60 | IoU = 0.7:0.95]
cake    	  0.408163210248	  0.542682926829	@ [catIds = 61 | IoU = 0.7:0.95]
chair   	  0.289130044439	  0.455376344086	@ [catIds = 62 | IoU = 0.7:0.95]
couch   	  0.210541406849	  0.344061735366	@ [catIds = 63 | IoU = 0.7:0.95]
potted plant	  0.318462371924	  0.518518518519	@ [catIds = 64 | IoU = 0.7:0.95]
bed     	   0.19788793863	  0.353313840156	@ [catIds = 65 | IoU = 0.7:0.95]
dining table	  0.295043342309	  0.459100204499	@ [catIds = 67 | IoU = 0.7:0.95]
toilet  	  0.206125493402	  0.385131894484	@ [catIds = 70 | IoU = 0.7:0.95]
tv      	  0.519498444249	  0.618249534451	@ [catIds = 72 | IoU = 0.7:0.95]
laptop  	  0.486969702004	  0.598958333333	@ [catIds = 73 | IoU = 0.7:0.95]
mouse   	  0.525632865369	  0.603896103896	@ [catIds = 74 | IoU = 0.7:0.95]
remote  	  0.524697406711	   0.60534591195	@ [catIds = 75 | IoU = 0.7:0.95]
keyboard	  0.275557560181	  0.406949352179	@ [catIds = 76 | IoU = 0.7:0.95]
cell phone	  0.409624310206	  0.522875816993	@ [catIds = 77 | IoU = 0.7:0.95]
microwave	   0.28918101003	  0.416666666667	@ [catIds = 78 | IoU = 0.7:0.95]
oven    	  0.479629330031	   0.60303030303	@ [catIds = 79 | IoU = 0.7:0.95]
toaster 	  0.241633788012	  0.371794871795	@ [catIds = 80 | IoU = 0.7:0.95]
sink    	  0.414757190005	             0.5	@ [catIds = 81 | IoU = 0.7:0.95]
refrigerator	  0.282514955666	  0.426666666667	@ [catIds = 82 | IoU = 0.7:0.95]
book    	   0.48195983048	  0.580687830688	@ [catIds = 84 | IoU = 0.7:0.95]
clock   	 0.0955242541101	   0.23693534101	@ [catIds = 85 | IoU = 0.7:0.95]
vase    	  0.395422849762	  0.508114856429	@ [catIds = 86 | IoU = 0.7:0.95]
scissors	   0.29483959382	  0.456204379562	@ [catIds = 87 | IoU = 0.7:0.95]
teddy bear	  0.252693558373	  0.328703703704	@ [catIds = 88 | IoU = 0.7:0.95]
hair drier	  0.383603767609	  0.477192982456	@ [catIds = 89 | IoU = 0.7:0.95]
toothbrush	 0.0370181559099	  0.106060606061	@ [catIds = 90 | IoU = 0.7:0.95]
person  	  0.176669804264	  0.249122807018	@ [catIds = 1 | IoU = 0.75:0.95]
bicycle 	  0.374031980303	  0.450589217779	@ [catIds = 2 | IoU = 0.75:0.95]
car     	  0.166542787625	  0.244585987261	@ [catIds = 3 | IoU = 0.75:0.95]
motorcycle	  0.284019671561	  0.382690302398	@ [catIds = 4 | IoU = 0.75:0.95]
airplane	  0.265101742197	  0.336784741144	@ [catIds = 5 | IoU = 0.75:0.95]
bus     	  0.506939553456	  0.576223776224	@ [catIds = 6 | IoU = 0.75:0.95]
train   	  0.543768680546	  0.619081272085	@ [catIds = 7 | IoU = 0.75:0.95]
truck   	  0.466789002359	  0.569473684211	@ [catIds = 8 | IoU = 0.75:0.95]
boat    	  0.243240214021	  0.434782608696	@ [catIds = 9 | IoU = 0.75:0.95]
traffic light	  0.151773373204	  0.247641509434	@ [catIds = 10 | IoU = 0.75:0.95]
fire hydrant	  0.125130565161	  0.214511041009	@ [catIds = 11 | IoU = 0.75:0.95]
stop sign	  0.534655476942	  0.592079207921	@ [catIds = 13 | IoU = 0.75:0.95]
parking meter	  0.591024636919	           0.656	@ [catIds = 14 | IoU = 0.75:0.95]
bench   	  0.360433078332	  0.446666666667	@ [catIds = 15 | IoU = 0.75:0.95]
bird    	  0.163951990963	  0.266666666667	@ [catIds = 16 | IoU = 0.75:0.95]
cat     	  0.253017466292	  0.323653395785	@ [catIds = 17 | IoU = 0.75:0.95]
dog     	   0.50183944325	  0.621782178218	@ [catIds = 18 | IoU = 0.75:0.95]
horse   	  0.503766219726	  0.602752293578	@ [catIds = 19 | IoU = 0.75:0.95]
sheep   	  0.433430258331	  0.515441176471	@ [catIds = 20 | IoU = 0.75:0.95]
cow     	  0.371547820062	  0.458757062147	@ [catIds = 21 | IoU = 0.75:0.95]
elephant	  0.431810313684	  0.508064516129	@ [catIds = 22 | IoU = 0.75:0.95]
bear    	  0.469662520612	  0.569841269841	@ [catIds = 23 | IoU = 0.75:0.95]
zebra   	  0.561178963685	  0.630985915493	@ [catIds = 24 | IoU = 0.75:0.95]
giraffe 	  0.520801008199	  0.591729323308	@ [catIds = 25 | IoU = 0.75:0.95]
backpack	  0.518963541477	  0.603448275862	@ [catIds = 27 | IoU = 0.75:0.95]
umbrella	  0.079599682631	  0.220485175202	@ [catIds = 28 | IoU = 0.75:0.95]
handbag 	  0.247047492367	  0.361670761671	@ [catIds = 31 | IoU = 0.75:0.95]
tie     	  0.076837313457	  0.199259259259	@ [catIds = 32 | IoU = 0.75:0.95]
suitcase	  0.211181832518	  0.286507936508	@ [catIds = 33 | IoU = 0.75:0.95]
frisbee 	  0.258745012969	   0.38127090301	@ [catIds = 34 | IoU = 0.75:0.95]
skis    	  0.534406260832	  0.631304347826	@ [catIds = 35 | IoU = 0.75:0.95]
snowboard	  0.125442089271	  0.208298755187	@ [catIds = 36 | IoU = 0.75:0.95]
sports ball	  0.230830367417	  0.289855072464	@ [catIds = 37 | IoU = 0.75:0.95]
kite    	  0.340022919727	  0.404615384615	@ [catIds = 38 | IoU = 0.75:0.95]
baseball bat	  0.277040371143	  0.395107033639	@ [catIds = 39 | IoU = 0.75:0.95]
baseball glove	  0.124316570025	  0.228965517241	@ [catIds = 40 | IoU = 0.75:0.95]
skateboard	  0.198178771796	  0.285135135135	@ [catIds = 41 | IoU = 0.75:0.95]
surfboard	  0.376615874678	  0.437988826816	@ [catIds = 42 | IoU = 0.75:0.95]
tennis racket	  0.230449641065	  0.321348314607	@ [catIds = 43 | IoU = 0.75:0.95]
bottle  	  0.289320524913	  0.384888888889	@ [catIds = 44 | IoU = 0.75:0.95]
wine glass	  0.281736551176	  0.400987166831	@ [catIds = 46 | IoU = 0.75:0.95]
cup     	  0.232339500378	  0.329032258065	@ [catIds = 47 | IoU = 0.75:0.95]
fork    	  0.313741871895	  0.436201117318	@ [catIds = 48 | IoU = 0.75:0.95]
knife   	  0.270963949456	  0.366511627907	@ [catIds = 49 | IoU = 0.75:0.95]
spoon   	  0.114476436833	  0.232615384615	@ [catIds = 50 | IoU = 0.75:0.95]
bowl    	  0.110168582781	  0.234782608696	@ [catIds = 51 | IoU = 0.75:0.95]
banana  	  0.287519372849	  0.459390048154	@ [catIds = 52 | IoU = 0.75:0.95]
apple   	  0.125290024795	  0.271351351351	@ [catIds = 53 | IoU = 0.75:0.95]
sandwich	  0.149123569354	  0.313559322034	@ [catIds = 54 | IoU = 0.75:0.95]
orange  	  0.253159323203	  0.432768361582	@ [catIds = 55 | IoU = 0.75:0.95]
broccoli	  0.242708860102	  0.426666666667	@ [catIds = 56 | IoU = 0.75:0.95]
carrot  	  0.106111730022	  0.253205128205	@ [catIds = 57 | IoU = 0.75:0.95]
hot dog 	  0.124572446135	  0.265205479452	@ [catIds = 58 | IoU = 0.75:0.95]
pizza   	    0.2530241152	          0.3648	@ [catIds = 59 | IoU = 0.75:0.95]
donut   	  0.374520513012	  0.484507042254	@ [catIds = 60 | IoU = 0.75:0.95]
cake    	  0.370389574168	  0.496341463415	@ [catIds = 61 | IoU = 0.75:0.95]
chair   	  0.246224308803	  0.398709677419	@ [catIds = 62 | IoU = 0.75:0.95]
couch   	  0.175922097678	  0.295539243365	@ [catIds = 63 | IoU = 0.75:0.95]
potted plant	  0.277916950055	  0.466666666667	@ [catIds = 64 | IoU = 0.75:0.95]
bed     	  0.153411455682	  0.293567251462	@ [catIds = 65 | IoU = 0.75:0.95]
dining table	  0.258011428437	  0.411042944785	@ [catIds = 67 | IoU = 0.75:0.95]
toilet  	  0.175989403189	   0.34071942446	@ [catIds = 70 | IoU = 0.75:0.95]
tv      	  0.481984979318	  0.581005586592	@ [catIds = 72 | IoU = 0.75:0.95]
laptop  	  0.431237730448	  0.545833333333	@ [catIds = 73 | IoU = 0.75:0.95]
mouse   	  0.476306443666	  0.557575757576	@ [catIds = 74 | IoU = 0.75:0.95]
remote  	   0.46722999473	  0.550943396226	@ [catIds = 75 | IoU = 0.75:0.95]
keyboard	  0.222899126458	  0.344169611307	@ [catIds = 76 | IoU = 0.75:0.95]
cell phone	  0.360621293507	  0.469281045752	@ [catIds = 77 | IoU = 0.75:0.95]
microwave	  0.243375830417	   0.36106870229	@ [catIds = 78 | IoU = 0.75:0.95]
oven    	  0.429994691216	  0.552727272727	@ [catIds = 79 | IoU = 0.75:0.95]
toaster 	  0.200592524863	  0.318881118881	@ [catIds = 80 | IoU = 0.75:0.95]
sink    	  0.365374823197	  0.444444444444	@ [catIds = 81 | IoU = 0.75:0.95]
refrigerator	  0.238983286527	  0.373333333333	@ [catIds = 82 | IoU = 0.75:0.95]
book    	  0.434509038693	  0.536507936508	@ [catIds = 84 | IoU = 0.75:0.95]
clock   	 0.0719341656325	  0.187068201949	@ [catIds = 85 | IoU = 0.75:0.95]
vase    	  0.344563598134	  0.459925093633	@ [catIds = 86 | IoU = 0.75:0.95]
scissors	  0.249758381202	  0.402919708029	@ [catIds = 87 | IoU = 0.75:0.95]
teddy bear	  0.207685560055	  0.277777777778	@ [catIds = 88 | IoU = 0.75:0.95]
hair drier	  0.334815497526	  0.425263157895	@ [catIds = 89 | IoU = 0.75:0.95]
toothbrush	 0.0210156499521	 0.0727272727273	@ [catIds = 90 | IoU = 0.75:0.95]
person  	   0.13068073213	  0.197368421053	@ [catIds = 1 | IoU = 0.8:0.95]
bicycle 	  0.308241104057	  0.384893755219	@ [catIds = 2 | IoU = 0.8:0.95]
car     	  0.120585638521	  0.187898089172	@ [catIds = 3 | IoU = 0.8:0.95]
motorcycle	  0.226538581093	   0.31882168926	@ [catIds = 4 | IoU = 0.8:0.95]
airplane	  0.206960312526	  0.274523160763	@ [catIds = 5 | IoU = 0.8:0.95]
bus     	    0.4450331467	  0.517482517483	@ [catIds = 6 | IoU = 0.8:0.95]
train   	  0.491920719026	  0.570671378092	@ [catIds = 7 | IoU = 0.8:0.95]
truck   	  0.407302460707	  0.518421052632	@ [catIds = 8 | IoU = 0.8:0.95]
boat    	  0.196750799312	  0.376207729469	@ [catIds = 9 | IoU = 0.8:0.95]
traffic light	  0.114982618769	  0.193396226415	@ [catIds = 10 | IoU = 0.8:0.95]
fire hydrant	 0.0809729426253	  0.152602523659	@ [catIds = 11 | IoU = 0.8:0.95]
stop sign	  0.461622104766	  0.527227722772	@ [catIds = 13 | IoU = 0.8:0.95]
parking meter	  0.555053657025	            0.62	@ [catIds = 14 | IoU = 0.8:0.95]
bench   	  0.303696257665	          0.3875	@ [catIds = 15 | IoU = 0.8:0.95]
bird    	  0.135485777215	  0.223236009732	@ [catIds = 16 | IoU = 0.8:0.95]
cat     	  0.204875810864	  0.272833723653	@ [catIds = 17 | IoU = 0.8:0.95]
dog     	  0.424289707927	  0.554455445545	@ [catIds = 18 | IoU = 0.8:0.95]
horse   	  0.450080332263	  0.551605504587	@ [catIds = 19 | IoU = 0.8:0.95]
sheep   	  0.364061757603	  0.450367647059	@ [catIds = 20 | IoU = 0.8:0.95]
cow     	  0.304374223252	  0.388418079096	@ [catIds = 21 | IoU = 0.8:0.95]
elephant	  0.367832731312	  0.444892473118	@ [catIds = 22 | IoU = 0.8:0.95]
bear    	  0.406622956205	  0.506944444444	@ [catIds = 23 | IoU = 0.8:0.95]
zebra   	  0.499278068404	  0.577464788732	@ [catIds = 24 | IoU = 0.8:0.95]
giraffe 	  0.462798776853	  0.538533834586	@ [catIds = 25 | IoU = 0.8:0.95]
backpack	  0.461788168614	  0.549568965517	@ [catIds = 27 | IoU = 0.8:0.95]
umbrella	 0.0510154038759	  0.167789757412	@ [catIds = 28 | IoU = 0.8:0.95]
handbag 	  0.191645096462	  0.297911547912	@ [catIds = 31 | IoU = 0.8:0.95]
tie     	 0.0503827116468	  0.150462962963	@ [catIds = 32 | IoU = 0.8:0.95]
suitcase	  0.161723041584	  0.233134920635	@ [catIds = 33 | IoU = 0.8:0.95]
frisbee 	   0.20101947568	  0.316889632107	@ [catIds = 34 | IoU = 0.8:0.95]
skis    	  0.457940629762	  0.567391304348	@ [catIds = 35 | IoU = 0.8:0.95]
snowboard	  0.095745765124	  0.165975103734	@ [catIds = 36 | IoU = 0.8:0.95]
sports ball	  0.184801648405	  0.239130434783	@ [catIds = 37 | IoU = 0.8:0.95]
kite    	  0.280959236359	  0.344230769231	@ [catIds = 38 | IoU = 0.8:0.95]
baseball bat	  0.221529163888	  0.331039755352	@ [catIds = 39 | IoU = 0.8:0.95]
baseball glove	 0.0798815623545	  0.168965517241	@ [catIds = 40 | IoU = 0.8:0.95]
skateboard	  0.133517325418	  0.216216216216	@ [catIds = 41 | IoU = 0.8:0.95]
surfboard	  0.309871423056	  0.374301675978	@ [catIds = 42 | IoU = 0.8:0.95]
tennis racket	  0.177492909942	  0.263108614232	@ [catIds = 43 | IoU = 0.8:0.95]
bottle  	  0.214461494148	  0.312222222222	@ [catIds = 44 | IoU = 0.8:0.95]
wine glass	  0.223887445114	  0.335143139191	@ [catIds = 46 | IoU = 0.8:0.95]
cup     	   0.18932703965	  0.278592375367	@ [catIds = 47 | IoU = 0.8:0.95]
fork    	  0.261076893879	  0.375139664804	@ [catIds = 48 | IoU = 0.8:0.95]
knife   	  0.216174135969	  0.310465116279	@ [catIds = 49 | IoU = 0.8:0.95]
spoon   	 0.0839638480729	  0.186153846154	@ [catIds = 50 | IoU = 0.8:0.95]
bowl    	 0.0817037044363	  0.182806324111	@ [catIds = 51 | IoU = 0.8:0.95]
banana  	   0.23431579913	  0.396468699839	@ [catIds = 52 | IoU = 0.8:0.95]
apple   	 0.0907962526765	  0.213513513514	@ [catIds = 53 | IoU = 0.8:0.95]
sandwich	  0.119175983324	  0.258474576271	@ [catIds = 54 | IoU = 0.8:0.95]
orange  	  0.213101312963	  0.385593220339	@ [catIds = 55 | IoU = 0.8:0.95]
broccoli	  0.208679255086	  0.372807017544	@ [catIds = 56 | IoU = 0.8:0.95]
carrot  	 0.0729577702151	  0.189903846154	@ [catIds = 57 | IoU = 0.8:0.95]
hot dog 	  0.095382333827	  0.206849315068	@ [catIds = 58 | IoU = 0.8:0.95]
pizza   	  0.200765481192	            0.31	@ [catIds = 59 | IoU = 0.8:0.95]
donut   	  0.313684513057	  0.421654929577	@ [catIds = 60 | IoU = 0.8:0.95]
cake    	  0.320007122694	  0.435975609756	@ [catIds = 61 | IoU = 0.8:0.95]
chair   	  0.193888228021	  0.331451612903	@ [catIds = 62 | IoU = 0.8:0.95]
couch   	  0.136815732872	   0.24209486166	@ [catIds = 63 | IoU = 0.8:0.95]
potted plant	  0.229183762259	  0.403256704981	@ [catIds = 64 | IoU = 0.8:0.95]
bed     	  0.103516458164	   0.22514619883	@ [catIds = 65 | IoU = 0.8:0.95]
dining table	  0.213443969147	  0.354294478528	@ [catIds = 67 | IoU = 0.8:0.95]
toilet  	  0.142672670431	  0.291726618705	@ [catIds = 70 | IoU = 0.8:0.95]
tv      	  0.431429861291	  0.532122905028	@ [catIds = 72 | IoU = 0.8:0.95]
laptop  	  0.360715311424	  0.478298611111	@ [catIds = 73 | IoU = 0.8:0.95]
mouse   	  0.412934547608	  0.498917748918	@ [catIds = 74 | IoU = 0.8:0.95]
remote  	  0.393535940302	  0.483490566038	@ [catIds = 75 | IoU = 0.8:0.95]
keyboard	  0.161310690296	  0.269434628975	@ [catIds = 76 | IoU = 0.8:0.95]
cell phone	  0.300316550404	  0.403594771242	@ [catIds = 77 | IoU = 0.8:0.95]
microwave	  0.191666466096	  0.300572519084	@ [catIds = 78 | IoU = 0.8:0.95]
oven    	  0.370843527836	  0.495454545455	@ [catIds = 79 | IoU = 0.8:0.95]
toaster 	  0.162333467171	  0.269230769231	@ [catIds = 80 | IoU = 0.8:0.95]
sink    	  0.291301272984	  0.361111111111	@ [catIds = 81 | IoU = 0.8:0.95]
refrigerator	  0.191268251446	  0.315555555556	@ [catIds = 82 | IoU = 0.8:0.95]
book    	  0.369266431172	   0.47619047619	@ [catIds = 84 | IoU = 0.8:0.95]
clock   	 0.0479668456483	  0.135518157662	@ [catIds = 85 | IoU = 0.8:0.95]
vase    	  0.286571030805	  0.401685393258	@ [catIds = 86 | IoU = 0.8:0.95]
scissors	  0.205232881348	   0.34397810219	@ [catIds = 87 | IoU = 0.8:0.95]
teddy bear	  0.163394879209	  0.229166666667	@ [catIds = 88 | IoU = 0.8:0.95]
hair drier	  0.284541004493	  0.373684210526	@ [catIds = 89 | IoU = 0.8:0.95]
toothbrush	0.000798466943469	 0.0454545454545	@ [catIds = 90 | IoU = 0.8:0.95]
person  	 0.0847326463297	  0.146198830409	@ [catIds = 1 | IoU = 0.85:0.95]
bicycle 	  0.231101450954	   0.30642417494	@ [catIds = 2 | IoU = 0.85:0.95]
car     	 0.0790087570726	  0.133757961783	@ [catIds = 3 | IoU = 0.85:0.95]
motorcycle	  0.158779065984	  0.242787625999	@ [catIds = 4 | IoU = 0.85:0.95]
airplane	  0.139423951817	  0.200726612171	@ [catIds = 5 | IoU = 0.85:0.95]
bus     	  0.366218699876	  0.447552447552	@ [catIds = 6 | IoU = 0.85:0.95]
train   	   0.41935650894	  0.504122497055	@ [catIds = 7 | IoU = 0.85:0.95]
truck   	  0.322730280465	  0.445614035088	@ [catIds = 8 | IoU = 0.85:0.95]
boat    	  0.137411810166	  0.297906602254	@ [catIds = 9 | IoU = 0.85:0.95]
traffic light	 0.0753011412405	  0.134433962264	@ [catIds = 10 | IoU = 0.85:0.95]
fire hydrant	 0.0462468646571	  0.096214511041	@ [catIds = 11 | IoU = 0.85:0.95]
stop sign	  0.362867625602	  0.438943894389	@ [catIds = 13 | IoU = 0.85:0.95]
parking meter	  0.495102023867	            0.56	@ [catIds = 14 | IoU = 0.85:0.95]
bench   	  0.213135017729	             0.3	@ [catIds = 15 | IoU = 0.85:0.95]
bird    	   0.10509789808	   0.17599351176	@ [catIds = 16 | IoU = 0.85:0.95]
cat     	  0.147553570105	  0.210772833724	@ [catIds = 17 | IoU = 0.85:0.95]
dog     	  0.320899126631	   0.46204620462	@ [catIds = 18 | IoU = 0.85:0.95]
horse   	   0.37812668276	  0.484709480122	@ [catIds = 19 | IoU = 0.85:0.95]
sheep   	  0.276985651462	  0.366421568627	@ [catIds = 20 | IoU = 0.85:0.95]
cow     	  0.226828494763	  0.306967984934	@ [catIds = 21 | IoU = 0.85:0.95]
elephant	  0.285476535588	  0.363799283154	@ [catIds = 22 | IoU = 0.85:0.95]
bear    	  0.322959564765	  0.424603174603	@ [catIds = 23 | IoU = 0.85:0.95]
zebra   	  0.413405429966	   0.50234741784	@ [catIds = 24 | IoU = 0.85:0.95]
giraffe 	  0.380102913299	  0.462406015038	@ [catIds = 25 | IoU = 0.85:0.95]
backpack	  0.384136255668	  0.477011494253	@ [catIds = 27 | IoU = 0.85:0.95]
umbrella	 0.0248894578297	   0.11051212938	@ [catIds = 28 | IoU = 0.85:0.95]
handbag 	  0.127402656427	  0.224406224406	@ [catIds = 31 | IoU = 0.85:0.95]
tie     	 0.0266027164964	 0.0981481481481	@ [catIds = 32 | IoU = 0.85:0.95]
suitcase	  0.106406166551	  0.169312169312	@ [catIds = 33 | IoU = 0.85:0.95]
frisbee 	  0.137355470678	  0.238573021182	@ [catIds = 34 | IoU = 0.85:0.95]
skis    	  0.359191155832	  0.478260869565	@ [catIds = 35 | IoU = 0.85:0.95]
snowboard	 0.0656220524057	  0.117565698479	@ [catIds = 36 | IoU = 0.85:0.95]
sports ball	  0.124494248609	  0.178743961353	@ [catIds = 37 | IoU = 0.85:0.95]
kite    	  0.213290939541	  0.276923076923	@ [catIds = 38 | IoU = 0.85:0.95]
baseball bat	  0.154365058338	  0.250764525994	@ [catIds = 39 | IoU = 0.85:0.95]
baseball glove	 0.0396591204373	  0.105747126437	@ [catIds = 40 | IoU = 0.85:0.95]
skateboard	 0.0656921902899	  0.137387387387	@ [catIds = 41 | IoU = 0.85:0.95]
surfboard	  0.230029064349	  0.299813780261	@ [catIds = 42 | IoU = 0.85:0.95]
tennis racket	  0.121400327586	  0.193508114856	@ [catIds = 43 | IoU = 0.85:0.95]
bottle  	  0.136938635973	  0.223703703704	@ [catIds = 44 | IoU = 0.85:0.95]
wine glass	  0.155308505352	  0.257650542942	@ [catIds = 46 | IoU = 0.85:0.95]
cup     	  0.143112170652	  0.221896383187	@ [catIds = 47 | IoU = 0.85:0.95]
fork    	  0.200398488822	  0.302048417132	@ [catIds = 48 | IoU = 0.85:0.95]
knife   	  0.161208568083	  0.249612403101	@ [catIds = 49 | IoU = 0.85:0.95]
spoon   	 0.0533287861605	  0.137435897436	@ [catIds = 50 | IoU = 0.85:0.95]
bowl    	 0.0530731792399	  0.129117259552	@ [catIds = 51 | IoU = 0.85:0.95]
banana  	  0.170392479662	  0.317817014446	@ [catIds = 52 | IoU = 0.85:0.95]
apple   	 0.0564722509005	  0.148648648649	@ [catIds = 53 | IoU = 0.85:0.95]
sandwich	 0.0881082932991	  0.196327683616	@ [catIds = 54 | IoU = 0.85:0.95]
orange  	  0.163822570658	  0.318267419962	@ [catIds = 55 | IoU = 0.85:0.95]
broccoli	  0.164917621118	  0.302923976608	@ [catIds = 56 | IoU = 0.85:0.95]
carrot  	 0.0376771217144	  0.119658119658	@ [catIds = 57 | IoU = 0.85:0.95]
hot dog 	 0.0665947147436	  0.145205479452	@ [catIds = 58 | IoU = 0.85:0.95]
pizza   	  0.151113763901	           0.248	@ [catIds = 59 | IoU = 0.85:0.95]
donut   	  0.238993214293	  0.345070422535	@ [catIds = 60 | IoU = 0.85:0.95]
cake    	  0.251420258679	  0.353658536585	@ [catIds = 61 | IoU = 0.85:0.95]
chair   	  0.123648722454	  0.244086021505	@ [catIds = 62 | IoU = 0.85:0.95]
couch   	 0.0935197956266	  0.181441746659	@ [catIds = 63 | IoU = 0.85:0.95]
potted plant	   0.17067495543	  0.326947637292	@ [catIds = 64 | IoU = 0.85:0.95]
bed     	 0.0642005136807	  0.156920077973	@ [catIds = 65 | IoU = 0.85:0.95]
dining table	  0.150497200042	  0.276073619632	@ [catIds = 67 | IoU = 0.85:0.95]
toilet  	  0.107424005909	  0.237410071942	@ [catIds = 70 | IoU = 0.85:0.95]
tv      	  0.364489312015	  0.469273743017	@ [catIds = 72 | IoU = 0.85:0.95]
laptop  	  0.264621054433	  0.383101851852	@ [catIds = 73 | IoU = 0.85:0.95]
mouse   	  0.330849699435	  0.422799422799	@ [catIds = 74 | IoU = 0.85:0.95]
remote  	  0.288118044907	   0.38679245283	@ [catIds = 75 | IoU = 0.85:0.95]
keyboard	   0.10051668565	  0.190812720848	@ [catIds = 76 | IoU = 0.85:0.95]
cell phone	  0.230916515278	  0.324618736383	@ [catIds = 77 | IoU = 0.85:0.95]
microwave	  0.124621769222	   0.22010178117	@ [catIds = 78 | IoU = 0.85:0.95]
oven    	  0.295190463696	  0.412121212121	@ [catIds = 79 | IoU = 0.85:0.95]
toaster 	  0.120566127418	  0.212121212121	@ [catIds = 80 | IoU = 0.85:0.95]
sink    	   0.17246581801	  0.259259259259	@ [catIds = 81 | IoU = 0.85:0.95]
refrigerator	   0.14170909027	  0.254814814815	@ [catIds = 82 | IoU = 0.85:0.95]
book    	  0.279145244107	  0.388888888889	@ [catIds = 84 | IoU = 0.85:0.95]
clock   	 0.0292942301224	 0.0882787127251	@ [catIds = 85 | IoU = 0.85:0.95]
vase    	  0.210812228569	  0.322097378277	@ [catIds = 86 | IoU = 0.85:0.95]
scissors	  0.144442997248	   0.26399026764	@ [catIds = 87 | IoU = 0.85:0.95]
teddy bear	  0.097629512756	  0.157407407407	@ [catIds = 88 | IoU = 0.85:0.95]
hair drier	  0.213077976336	  0.298245614035	@ [catIds = 89 | IoU = 0.85:0.95]
toothbrush	0.000532311295646	  0.030303030303	@ [catIds = 90 | IoU = 0.85:0.95]
person  	 0.0358687436688	 0.0789473684211	@ [catIds = 1 | IoU = 0.9:0.95]
bicycle 	  0.141050768847	  0.211329683585	@ [catIds = 2 | IoU = 0.9:0.95]
car     	 0.0477819234172	 0.0891719745223	@ [catIds = 3 | IoU = 0.9:0.95]
motorcycle	 0.0811089993917	  0.152241918665	@ [catIds = 4 | IoU = 0.9:0.95]
airplane	 0.0766715346778	  0.125340599455	@ [catIds = 5 | IoU = 0.9:0.95]
bus     	  0.264307063955	  0.353146853147	@ [catIds = 6 | IoU = 0.9:0.95]
train   	  0.315260263511	  0.406360424028	@ [catIds = 7 | IoU = 0.9:0.95]
truck   	  0.203337196907	  0.342105263158	@ [catIds = 8 | IoU = 0.9:0.95]
boat    	 0.0690765570781	  0.210144927536	@ [catIds = 9 | IoU = 0.9:0.95]
traffic light	 0.0362016098063	 0.0766509433962	@ [catIds = 10 | IoU = 0.9:0.95]
fire hydrant	 0.0220739624087	 0.0488958990536	@ [catIds = 11 | IoU = 0.9:0.95]
stop sign	  0.250690240562	  0.331683168317	@ [catIds = 13 | IoU = 0.9:0.95]
parking meter	   0.39545403543	  0.466666666667	@ [catIds = 14 | IoU = 0.9:0.95]
bench   	  0.118135510462	  0.191666666667	@ [catIds = 15 | IoU = 0.9:0.95]
bird    	 0.0634750595171	   0.11800486618	@ [catIds = 16 | IoU = 0.9:0.95]
cat     	 0.0804542179973	  0.138173302108	@ [catIds = 17 | IoU = 0.9:0.95]
dog     	  0.190408247183	  0.329207920792	@ [catIds = 18 | IoU = 0.9:0.95]
horse   	  0.265263262707	  0.378440366972	@ [catIds = 19 | IoU = 0.9:0.95]
sheep   	  0.165315996419	  0.255514705882	@ [catIds = 20 | IoU = 0.9:0.95]
cow     	  0.124116939965	  0.196327683616	@ [catIds = 21 | IoU = 0.9:0.95]
elephant	  0.184647389104	  0.254032258065	@ [catIds = 22 | IoU = 0.9:0.95]
bear    	  0.199372993208	  0.301587301587	@ [catIds = 23 | IoU = 0.9:0.95]
zebra   	  0.285848099306	  0.394366197183	@ [catIds = 24 | IoU = 0.9:0.95]
giraffe 	  0.268809827374	  0.360902255639	@ [catIds = 25 | IoU = 0.9:0.95]
backpack	  0.278320844649	  0.370689655172	@ [catIds = 27 | IoU = 0.9:0.95]
umbrella	0.00709310410109	 0.0592991913747	@ [catIds = 28 | IoU = 0.9:0.95]
handbag 	  0.053590021204	  0.133906633907	@ [catIds = 31 | IoU = 0.9:0.95]
tie     	 0.0063822494492	 0.0462962962963	@ [catIds = 32 | IoU = 0.9:0.95]
suitcase	 0.0423221789276	 0.0873015873016	@ [catIds = 33 | IoU = 0.9:0.95]
frisbee 	 0.0745508989745	  0.153846153846	@ [catIds = 34 | IoU = 0.9:0.95]
skis    	  0.218684110291	  0.347826086957	@ [catIds = 35 | IoU = 0.9:0.95]
snowboard	 0.0311304296926	 0.0663900414938	@ [catIds = 36 | IoU = 0.9:0.95]
sports ball	 0.0348891656032	 0.0942028985507	@ [catIds = 37 | IoU = 0.9:0.95]
kite    	  0.111830197496	  0.173076923077	@ [catIds = 38 | IoU = 0.9:0.95]
baseball bat	 0.0750527637804	  0.154434250765	@ [catIds = 39 | IoU = 0.9:0.95]
baseball glove	 0.0122243519301	  0.051724137931	@ [catIds = 40 | IoU = 0.9:0.95]
skateboard	 0.0139727348478	 0.0608108108108	@ [catIds = 41 | IoU = 0.9:0.95]
surfboard	  0.127830194582	  0.195530726257	@ [catIds = 42 | IoU = 0.9:0.95]
tennis racket	 0.0721643639496	  0.121722846442	@ [catIds = 43 | IoU = 0.9:0.95]
bottle  	 0.0651738201613	  0.131111111111	@ [catIds = 44 | IoU = 0.9:0.95]
wine glass	  0.079396489819	  0.160414610069	@ [catIds = 46 | IoU = 0.9:0.95]
cup     	 0.0824415534716	  0.146627565982	@ [catIds = 47 | IoU = 0.9:0.95]
fork    	  0.121136160836	  0.207262569832	@ [catIds = 48 | IoU = 0.9:0.95]
knife   	 0.0909556803907	   0.16976744186	@ [catIds = 49 | IoU = 0.9:0.95]
spoon   	  0.021387010914	 0.0815384615385	@ [catIds = 50 | IoU = 0.9:0.95]
bowl    	 0.0304771622834	 0.0711462450593	@ [catIds = 51 | IoU = 0.9:0.95]
banana  	  0.100344700481	  0.219903691814	@ [catIds = 52 | IoU = 0.9:0.95]
apple   	 0.0228148547268	 0.0797297297297	@ [catIds = 53 | IoU = 0.9:0.95]
sandwich	 0.0515045823607	  0.116525423729	@ [catIds = 54 | IoU = 0.9:0.95]
orange  	  0.103514014914	  0.228813559322	@ [catIds = 55 | IoU = 0.9:0.95]
broccoli	  0.105479070218	  0.208771929825	@ [catIds = 56 | IoU = 0.9:0.95]
carrot  	 0.0121691616261	 0.0512820512821	@ [catIds = 57 | IoU = 0.9:0.95]
hot dog 	 0.0307608171121	 0.0739726027397	@ [catIds = 58 | IoU = 0.9:0.95]
pizza   	 0.0771199225941	           0.156	@ [catIds = 59 | IoU = 0.9:0.95]
donut   	  0.144619830887	  0.242957746479	@ [catIds = 60 | IoU = 0.9:0.95]
cake    	  0.157707625391	   0.24237804878	@ [catIds = 61 | IoU = 0.9:0.95]
chair   	 0.0548422096815	  0.146774193548	@ [catIds = 62 | IoU = 0.9:0.95]
couch   	 0.0504652290107	  0.116318464145	@ [catIds = 63 | IoU = 0.9:0.95]
potted plant	  0.105013568871	  0.239463601533	@ [catIds = 64 | IoU = 0.9:0.95]
bed     	 0.0237004455586	 0.0789473684211	@ [catIds = 65 | IoU = 0.9:0.95]
dining table	 0.0729878153138	  0.180981595092	@ [catIds = 67 | IoU = 0.9:0.95]
toilet  	 0.0682480403216	  0.172661870504	@ [catIds = 70 | IoU = 0.9:0.95]
tv      	  0.262960841366	  0.374301675978	@ [catIds = 72 | IoU = 0.9:0.95]
laptop  	  0.150616652137	  0.262152777778	@ [catIds = 73 | IoU = 0.9:0.95]
mouse   	  0.229789201857	   0.32683982684	@ [catIds = 74 | IoU = 0.9:0.95]
remote  	  0.179979014969	   0.27358490566	@ [catIds = 75 | IoU = 0.9:0.95]
keyboard	 0.0356713113153	  0.102473498233	@ [catIds = 76 | IoU = 0.9:0.95]
cell phone	   0.13470958023	  0.222222222222	@ [catIds = 77 | IoU = 0.9:0.95]
microwave	 0.0540703246889	  0.129770992366	@ [catIds = 78 | IoU = 0.9:0.95]
oven    	  0.185232769044	  0.290909090909	@ [catIds = 79 | IoU = 0.9:0.95]
toaster 	  0.077139662946	   0.15034965035	@ [catIds = 80 | IoU = 0.9:0.95]
sink    	  0.029702970297	  0.111111111111	@ [catIds = 81 | IoU = 0.9:0.95]
refrigerator	 0.0876573787485	  0.175555555556	@ [catIds = 82 | IoU = 0.9:0.95]
book    	  0.160461642401	   0.27380952381	@ [catIds = 84 | IoU = 0.9:0.95]
clock   	 0.0136596241427	 0.0460584588131	@ [catIds = 85 | IoU = 0.9:0.95]
vase    	  0.124489493923	  0.222846441948	@ [catIds = 86 | IoU = 0.9:0.95]
scissors	 0.0765270109917	  0.169708029197	@ [catIds = 87 | IoU = 0.9:0.95]
teddy bear	 0.0460396039604	 0.0694444444444	@ [catIds = 88 | IoU = 0.9:0.95]
hair drier	  0.126811934821	             0.2	@ [catIds = 89 | IoU = 0.9:0.95]
toothbrush	             0.0	             0.0	@ [catIds = 90 | IoU = 0.9:0.95]
person  	             0.0	             0.0	@ [catIds = 1 | IoU = 0.95:0.95]
bicycle 	  0.042979612195	 0.0990999350469	@ [catIds = 2 | IoU = 0.95:0.95]
car     	 0.0124521964392	 0.0414012738854	@ [catIds = 3 | IoU = 0.95:0.95]
motorcycle	 0.0150733740079	 0.0568300312826	@ [catIds = 4 | IoU = 0.95:0.95]
airplane	 0.0170849643104	 0.0326975476839	@ [catIds = 5 | IoU = 0.95:0.95]
bus     	  0.134096711398	  0.230769230769	@ [catIds = 6 | IoU = 0.95:0.95]
train   	  0.168978780167	  0.268551236749	@ [catIds = 7 | IoU = 0.95:0.95]
truck   	 0.0643191304537	  0.194736842105	@ [catIds = 8 | IoU = 0.95:0.95]
boat    	 0.0241104676677	  0.108695652174	@ [catIds = 9 | IoU = 0.95:0.95]
traffic light	 0.0129606940627	 0.0259433962264	@ [catIds = 10 | IoU = 0.95:0.95]
fire hydrant	0.000582411182295	0.00315457413249	@ [catIds = 11 | IoU = 0.95:0.95]
stop sign	 0.0698590392935	  0.168316831683	@ [catIds = 13 | IoU = 0.95:0.95]
parking meter	  0.254386546693	            0.32	@ [catIds = 14 | IoU = 0.95:0.95]
bench   	 0.0231848184818	 0.0833333333333	@ [catIds = 15 | IoU = 0.95:0.95]
bird    	 0.0195447884869	 0.0535279805353	@ [catIds = 16 | IoU = 0.95:0.95]
cat     	 0.0212285361161	 0.0538641686183	@ [catIds = 17 | IoU = 0.95:0.95]
dog     	 0.0309046043316	  0.123762376238	@ [catIds = 18 | IoU = 0.95:0.95]
horse   	 0.0949272500033	  0.211009174312	@ [catIds = 19 | IoU = 0.95:0.95]
sheep   	 0.0515098823923	           0.125	@ [catIds = 20 | IoU = 0.95:0.95]
cow     	  0.028301441151	 0.0762711864407	@ [catIds = 21 | IoU = 0.95:0.95]
elephant	 0.0510634085399	   0.10752688172	@ [catIds = 22 | IoU = 0.95:0.95]
bear    	 0.0649736928821	  0.146825396825	@ [catIds = 23 | IoU = 0.95:0.95]
zebra   	 0.0655159601287	  0.197183098592	@ [catIds = 24 | IoU = 0.95:0.95]
giraffe 	  0.107089199943	  0.206766917293	@ [catIds = 25 | IoU = 0.95:0.95]
backpack	  0.125635216651	  0.211206896552	@ [catIds = 27 | IoU = 0.95:0.95]
umbrella	0.000486255522104	 0.0161725067385	@ [catIds = 28 | IoU = 0.95:0.95]
handbag 	 0.0095828157142	  0.044226044226	@ [catIds = 31 | IoU = 0.95:0.95]
tie     	0.000291205591147	0.00740740740741	@ [catIds = 32 | IoU = 0.95:0.95]
suitcase	0.000744146397703	  0.015873015873	@ [catIds = 33 | IoU = 0.95:0.95]
frisbee 	 0.0137331826241	  0.056856187291	@ [catIds = 34 | IoU = 0.95:0.95]
skis    	 0.0342232138106	  0.147826086957	@ [catIds = 35 | IoU = 0.95:0.95]
snowboard	0.000206270627063	0.00829875518672	@ [catIds = 36 | IoU = 0.95:0.95]
sports ball	0.000792079207921	 0.0144927536232	@ [catIds = 37 | IoU = 0.95:0.95]
kite    	 0.0305487470463	 0.0692307692308	@ [catIds = 38 | IoU = 0.95:0.95]
baseball bat	 0.0125706808122	 0.0611620795107	@ [catIds = 39 | IoU = 0.95:0.95]
baseball glove	  0.001523229246	 0.0137931034483	@ [catIds = 40 | IoU = 0.95:0.95]
skateboard	0.000900090009001	0.00675675675676	@ [catIds = 41 | IoU = 0.95:0.95]
surfboard	 0.0322450208264	 0.0837988826816	@ [catIds = 42 | IoU = 0.95:0.95]
tennis racket	 0.0277468535166	 0.0524344569288	@ [catIds = 43 | IoU = 0.95:0.95]
bottle  	0.00310833393994	 0.0311111111111	@ [catIds = 44 | IoU = 0.95:0.95]
wine glass	 0.0176238268335	 0.0562685093781	@ [catIds = 46 | IoU = 0.95:0.95]
cup     	 0.0330919349699	 0.0645161290323	@ [catIds = 47 | IoU = 0.95:0.95]
fork    	 0.0419537327107	 0.0994413407821	@ [catIds = 48 | IoU = 0.95:0.95]
knife   	 0.0265578028391	 0.0790697674419	@ [catIds = 49 | IoU = 0.95:0.95]
spoon   	0.00390836706442	 0.0246153846154	@ [catIds = 50 | IoU = 0.95:0.95]
bowl    	0.00432457038807	 0.0158102766798	@ [catIds = 51 | IoU = 0.95:0.95]
banana  	  0.022007681496	 0.0850722311396	@ [catIds = 52 | IoU = 0.95:0.95]
apple   	0.00234729355288	  0.027027027027	@ [catIds = 53 | IoU = 0.95:0.95]
sandwich	 0.0256221546766	 0.0466101694915	@ [catIds = 54 | IoU = 0.95:0.95]
orange  	 0.0343012023582	  0.107344632768	@ [catIds = 55 | IoU = 0.95:0.95]
broccoli	 0.0365331664978	 0.0701754385965	@ [catIds = 56 | IoU = 0.95:0.95]
carrot  	0.000900090009001	0.00641025641026	@ [catIds = 57 | IoU = 0.95:0.95]
hot dog 	 0.0028550474095	  0.013698630137	@ [catIds = 58 | IoU = 0.95:0.95]
pizza   	0.00403785562926	           0.048	@ [catIds = 59 | IoU = 0.95:0.95]
donut   	 0.0283527841174	  0.109154929577	@ [catIds = 60 | IoU = 0.95:0.95]
cake    	  0.051664844457	  0.118902439024	@ [catIds = 61 | IoU = 0.95:0.95]
chair   	 0.0117313518716	 0.0645161290323	@ [catIds = 62 | IoU = 0.95:0.95]
couch   	 0.0146797967623	 0.0451722190853	@ [catIds = 63 | IoU = 0.95:0.95]
potted plant	 0.0281798423092	  0.122605363985	@ [catIds = 64 | IoU = 0.95:0.95]
bed     	0.00102253173452	 0.0146198830409	@ [catIds = 65 | IoU = 0.95:0.95]
dining table	 0.0220558320073	 0.0736196319018	@ [catIds = 67 | IoU = 0.95:0.95]
toilet  	 0.0299195138412	 0.0978417266187	@ [catIds = 70 | IoU = 0.95:0.95]
tv      	  0.112822852762	  0.223463687151	@ [catIds = 72 | IoU = 0.95:0.95]
laptop  	 0.0314260168167	  0.111111111111	@ [catIds = 73 | IoU = 0.95:0.95]
mouse   	  0.077350805754	  0.186147186147	@ [catIds = 74 | IoU = 0.95:0.95]
remote  	 0.0362965642908	   0.11320754717	@ [catIds = 75 | IoU = 0.95:0.95]
keyboard	 0.0056241423183	 0.0353356890459	@ [catIds = 76 | IoU = 0.95:0.95]
cell phone	 0.0255747573416	 0.0849673202614	@ [catIds = 77 | IoU = 0.95:0.95]
microwave	 0.0171595907355	 0.0496183206107	@ [catIds = 78 | IoU = 0.95:0.95]
oven    	 0.0659506884754	  0.145454545455	@ [catIds = 79 | IoU = 0.95:0.95]
toaster 	 0.0233180912582	 0.0839160839161	@ [catIds = 80 | IoU = 0.95:0.95]
sink    	  0.029702970297	  0.111111111111	@ [catIds = 81 | IoU = 0.95:0.95]
refrigerator	  0.038746093036	            0.08	@ [catIds = 82 | IoU = 0.95:0.95]
book    	 0.0573906900827	  0.142857142857	@ [catIds = 84 | IoU = 0.95:0.95]
clock   	0.00405259361701	 0.0203720106289	@ [catIds = 85 | IoU = 0.95:0.95]
vase    	 0.0292272690283	 0.0823970037453	@ [catIds = 86 | IoU = 0.95:0.95]
scissors	 0.0216531116052	 0.0547445255474	@ [catIds = 87 | IoU = 0.95:0.95]
teddy bear	 0.0029702970297	 0.0277777777778	@ [catIds = 88 | IoU = 0.95:0.95]
hair drier	  0.015298640891	 0.0684210526316	@ [catIds = 89 | IoU = 0.95:0.95]
toothbrush	             0.0	             0.0	@ [catIds = 90 | IoU = 0.95:0.95]
